<?xml version="1.0" encoding="UTF-8"?>
<testng-results ignored="0" total="2" passed="2" failed="0" skipped="0">
  <reporter-output>
  </reporter-output>
  <suite started-at="2025-06-19T20:59:49 IST" name="Default suite" finished-at="2025-06-19T21:01:47 IST" duration-ms="117682">
    <groups>
    </groups>
    <test started-at="2025-06-19T20:59:49 IST" name="Default test" finished-at="2025-06-19T21:01:47 IST" duration-ms="117682">
      <class name="basicScript.fbselect">
        <test-method signature="alt()[pri:0, instance:basicScript.fbselect@3eb738bb]" started-at="2025-06-19T20:59:49 IST" name="alt" finished-at="2025-06-19T21:00:11 IST" duration-ms="22055" status="PASS">
          <reporter-output>
          </reporter-output>
        </test-method> <!-- alt -->
        <test-method signature="fb()[pri:0, instance:basicScript.fbselect@3eb738bb]" started-at="2025-06-19T21:00:11 IST" name="fb" finished-at="2025-06-19T21:01:47 IST" duration-ms="95565" status="PASS">
          <reporter-output>
          </reporter-output>
        </test-method> <!-- fb -->
      </class> <!-- basicScript.fbselect -->
    </test> <!-- Default test -->
  </suite> <!-- Default suite -->
</testng-results>
